<?xml version="1.0" encoding="UTF-8"?>
<testsuite xmlns:xsi="http://www.w3.org/2001/XMLSchema-instance" xsi:noNamespaceSchemaLocation="https://maven.apache.org/surefire/maven-surefire-plugin/xsd/surefire-test-report.xsd" version="3.0.2" name="br.unifametro.smoke.ClienteSmokeTest" time="10.35" tests="3" errors="0" skipped="0" failures="0">
  <properties>
[...]
</properties>
  <testcase name="deveSubirContextoDaAplicacaoComSucesso" classname="br.unifametro.smoke.ClienteSmokeTest" time="0.014">
    <system-out><![CDATA[2026-08-22T03:47:53.709Z  INFO 45032 --- [clientes-selenium] [           main] t.c.s.AnnotationConfigContextLoaderUtils : Could not detect default configuration classes for test class [br.unifametro.smoke.ClienteSmokeTest]: ClienteSmokeTest does not declare any static, non-private, non-final, nested classes annotated with @Configuration.
2026-08-22T03:47:53.741Z  INFO 45032 --- [clientes-selenium] [           main] .b.t.c.SpringBootTestContextBootstrapper : Found @SpringBootConfiguration br.unifametro.ClientesApplication for test class br.unifametro.smoke.ClienteSmokeTest

  .   ____          _            __ _ _
 /\\ / ___'_ __ _ _(_)_ __  __ _ \ \ \ \
( ( )\___ | '_ | '_| | '_ \/ _` | \ \ \ \
 \\/  ___)| |_)| | | | | || (_| |  ) ) ) )
  '  |____| .__|_| |_|_| |_\__, | / / / /
 =========|_|==============|___/=/_/_/_/

 :: Spring Boot ::                (v3.5.0)

2026-08-22T03:47:53.883Z  INFO 45032 --- [clientes-selenium] [           main] br.unifametro.smoke.ClienteSmokeTest     : Starting ClienteSmokeTest using Java 17.0.12 with PID 45032 (started by coder in /home/coder/Aula_Testes_JMeter/clientecrud)
2026-08-22T03:47:53.884Z  INFO 45032 --- [clientes-selenium] [           main] br.unifametro.smoke.ClienteSmokeTest     : No active profile set, falling back to 1 default profile: "default"
2026-08-22T03:47:55.621Z  INFO 45032 --- [clientes-selenium] [           main] .s.d.r.c.RepositoryConfigurationDelegate : Bootstrapping Spring Data JPA repositories in DEFAULT mode.
2026-08-22T03:47:55.757Z  INFO 45032 --- [clientes-selenium] [           main] .s.d.r.c.RepositoryConfigurationDelegate : Finished Spring Data repository scanning in 100 ms. Found 1 JPA repository interface.
2026-08-22T03:47:57.125Z  INFO 45032 --- [clientes-selenium] [           main] o.hibernate.jpa.internal.util.LogHelper  : HHH000204: Processing PersistenceUnitInfo [name: default]
2026-08-22T03:47:57.314Z  INFO 45032 --- [clientes-selenium] [           main] org.hibernate.Version                    : HHH000412: Hibernate ORM core version 6.6.15.Final
2026-08-22T03:47:57.429Z  INFO 45032 --- [clientes-selenium] [           main] o.h.c.internal.RegionFactoryInitiator    : HHH000026: Second-level cache disabled
2026-08-22T03:47:57.964Z  INFO 45032 --- [clientes-selenium] [           main] o.s.o.j.p.SpringPersistenceUnitInfo      : No LoadTimeWeaver setup: ignoring JPA class transformer
2026-08-22T03:47:58.100Z  INFO 45032 --- [clientes-selenium] [           main] com.zaxxer.hikari.HikariDataSource       : HikariPool-1 - Starting...
2026-08-22T03:47:58.849Z  INFO 45032 --- [clientes-selenium] [           main] com.zaxxer.hikari.pool.HikariPool        : HikariPool-1 - Added connection conn0: url=jdbc:h2:mem:clientesdb user=SA
2026-08-22T03:47:58.854Z  INFO 45032 --- [clientes-selenium] [           main] com.zaxxer.hikari.HikariDataSource       : HikariPool-1 - Start completed.
2026-08-22T03:47:59.117Z  INFO 45032 --- [clientes-selenium] [           main] org.hibernate.orm.connections.pooling    : HHH10001005: Database info:
	Database JDBC URL [Connecting through datasource 'HikariDataSource (HikariPool-1)']
	Database driver: undefined/unknown
	Database version: 2.3.232
	Autocommit mode: undefined/unknown
	Isolation level: undefined/unknown
	Minimum pool size: undefined/unknown
	Maximum pool size: undefined/unknown
2026-08-22T03:48:01.385Z  INFO 45032 --- [clientes-selenium] [           main] o.h.e.t.j.p.i.JtaPlatformInitiator       : HHH000489: No JTA platform available (set 'hibernate.transaction.jta.platform' to enable JTA platform integration)
Hibernate: drop table if exists clientes cascade 
Hibernate: create table clientes (id bigint generated by default as identity, cpf varchar(255) not null, email varchar(255) not null unique, nome varchar(255) not null, telefone varchar(255), primary key (id))
2026-08-22T03:48:01.484Z  INFO 45032 --- [clientes-selenium] [           main] j.LocalContainerEntityManagerFactoryBean : Initialized JPA EntityManagerFactory for persistence unit 'default'
2026-08-22T03:48:02.942Z  WARN 45032 --- [clientes-selenium] [           main] JpaBaseConfiguration$JpaWebConfiguration : spring.jpa.open-in-view is enabled by default. Therefore, database queries may be performed during view rendering. Explicitly configure spring.jpa.open-in-view to disable this warning
2026-08-22T03:48:02.972Z  INFO 45032 --- [clientes-selenium] [           main] o.s.b.a.w.s.WelcomePageHandlerMapping    : Adding welcome page: class path resource [static/index.html]
2026-08-22T03:48:03.408Z  INFO 45032 --- [clientes-selenium] [           main] o.s.b.a.h2.H2ConsoleAutoConfiguration    : H2 console available at '/h2-console'. Database available at 'jdbc:h2:mem:clientesdb'
2026-08-22T03:48:03.516Z  INFO 45032 --- [clientes-selenium] [           main] o.s.b.t.m.w.SpringBootMockServletContext : Initializing Spring TestDispatcherServlet ''
2026-08-22T03:48:03.516Z  INFO 45032 --- [clientes-selenium] [           main] o.s.t.web.servlet.TestDispatcherServlet  : Initializing Servlet ''
2026-08-22T03:48:03.517Z  INFO 45032 --- [clientes-selenium] [           main] o.s.t.web.servlet.TestDispatcherServlet  : Completed initialization in 1 ms
2026-08-22T03:48:03.550Z  INFO 45032 --- [clientes-selenium] [           main] br.unifametro.smoke.ClienteSmokeTest     : Started ClienteSmokeTest in 9.781 seconds (process running for 22.937)
]]></system-out>
  </testcase>
  <testcase name="deveRetornarErroAoConsultarClienteInexistente" classname="br.unifametro.smoke.ClienteSmokeTest" time="0.271">
    <system-out><![CDATA[Hibernate: select c1_0.id,c1_0.cpf,c1_0.email,c1_0.nome,c1_0.telefone from clientes c1_0 where c1_0.id=?
]]></system-out>
  </testcase>
  <testcase name="deveResponderEndpointPrincipalDeClientes" classname="br.unifametro.smoke.ClienteSmokeTest" time="0.205">
    <system-out><![CDATA[Hibernate: select c1_0.id,c1_0.cpf,c1_0.email,c1_0.nome,c1_0.telefone from clientes c1_0
]]></system-out>
  </testcase>
</testsuite>